GAME STARTING....

Registered soldier 1 (x:2,y:6)

Registered soldier 2 (x:4,y:1)

Registered soldier 3 (x:0,y:8)

Soldier 2 chosen as the commander

3 Clients already connected. Cannot connect anymore clients
**********************************************************************
* Missile Iteration 1:                                               *
* Warning from commander: Missile 1 approaching at (4,2) of radius 4 *
**********************************************************************


Commander died
Commander died. New commnder is soldier3


Commander requested status of all soldier.
Waiting for updates...


Soldier 2 died 
 
Soldier 1 moved forward by 3 from (2,6) to (2,9)
 
Soldier 3 out of red zone. 
 


soldier Id : 1, status : alive
soldier Id : 2, status : dead
soldier Id : 3, status : alive

The layout of battle field:

Alive soldiers on the battlefield in current iteration 1:
1(2,9) 3(0,8) 
Dead soldiers in current iteration 1:
2 

Missile at (4,2) of radius 4

# . . . . . . . # .
# . . . . . . . # .
# . . . X . . . # .
# . . . . . . . # .
# . . . . . . . # .
# . . . . . . . # .
# # # # # # # # # .
. . . . . . . . . .
3 . . . . . . . . .
. . 1 . . . . . . .

Iteration 1 over


**********************************************************************
* Missile Iteration 2:                                               *
* Warning from commander: Missile 2 approaching at (6,7) of radius 1 *
**********************************************************************



Commander requested status of all soldier.
Waiting for updates...


Soldier 1 out of red zone. 
 
Soldier 3 out of red zone. 
 


soldier Id : 1, status : alive
soldier Id : 3, status : alive

The layout of battle field:

Alive soldiers on the battlefield in current iteration 2:
1(2,9) 3(0,8) 
Dead soldiers in current iteration 2:


Missile at (6,7) of radius 1

. . . . . . . . . .
. . . . . . . . . .
. . . . . . . . . .
. . . . . . . . . .
. . . . . . . . . .
. . . . . . . . . .
. . . . . # # # . .
. . . . . # X # . .
3 . . . . # # # . .
. . 1 . . . . . . .

Iteration 2 over


Got was hit call from commander for soldier 7

Soldier 7 was not hit
*****************************************
* 2 out of 3 are alive. Game is lost :( *
*****************************************
